<?xml version="1.0" encoding="UTF-8"?>
<testsuite xmlns:xsi="http://www.w3.org/2001/XMLSchema-instance" xsi:noNamespaceSchemaLocation="https://maven.apache.org/surefire/maven-surefire-plugin/xsd/surefire-test-report-3.0.xsd" version="3.0" name="TestSuite" time="43.612" tests="1" errors="0" skipped="0" failures="0">
  <properties>
[...]
</properties>
  <testcase name="feature[&quot;user is able to buy One Way Ticket&quot;, &quot;Optional[Buy a ticket on Flight Booking Application and sign up]&quot;](1)" classname="com.flight.booking.TestRunner.TestRunner" time="41.848">
    <system-out><![CDATA[
@Booking
Scenario: user is able to buy One Way Ticket                                  &amp#27;[90m# src/test/resources/features/FlightBooking.feature:3&amp#27;[0m
  &amp#27;[32mGiven &amp#27;[0m&amp#27;[32muser accessed the flight booking application&amp#27;[0m                          &amp#27;[90m# com.flight.booking.StepDef.FlightBookingStep.user_accessed_the_flight_booking_application()&amp#27;[0m
  &amp#27;[32mWhen &amp#27;[0m&amp#27;[32muser sign up and click on flights link&amp#27;[0m                                 &amp#27;[90m# com.flight.booking.StepDef.FlightBookingStep.user_sign_up_and_click_on_flights_link()&amp#27;[0m
  &amp#27;[32mAnd &amp#27;[0m&amp#27;[32muser is able to buy a one way ticket and select other details&amp#27;[0m           &amp#27;[90m# com.flight.booking.StepDef.FlightBookingStep.user_is_able_to_buy_a_one_way_ticket_and_select_other_details()&amp#27;[0m
  &amp#27;[32mAnd &amp#27;[0m&amp#27;[32muser select departing flight and returning flight and its service class&amp#27;[0m &amp#27;[90m# com.flight.booking.StepDef.FlightBookingStep.user_select_departing_flight_and_returning_flight_and_its_service_class()&amp#27;[0m
$1753 USD
  &amp#27;[32mAnd &amp#27;[0m&amp#27;[32muser enter billing address&amp#27;[0m                                              &amp#27;[90m# com.flight.booking.StepDef.FlightBookingStep.user_enter_billing_address()&amp#27;[0m
$1753 USD
  &amp#27;[32mThen &amp#27;[0m&amp#27;[32muser should get confirmation page and final price&amp#27;[0m                      &amp#27;[90m# com.flight.booking.StepDef.FlightBookingStep.user_should_get_confirmation_page_and_final_price()&amp#27;[0m
  &amp#27;[32mThen &amp#27;[0m&amp#27;[32mclose the browser&amp#27;[0m                                                      &amp#27;[90m# com.flight.booking.StepDef.FlightBookingStep.close_the_browser()&amp#27;[0m
]]></system-out>
    <system-err><![CDATA[SLF4J: Failed to load class "org.slf4j.impl.StaticLoggerBinder".
SLF4J: Defaulting to no-operation (NOP) logger implementation
SLF4J: See http://www.slf4j.org/codes.html#StaticLoggerBinder for further details.
Starting ChromeDriver 94.0.4606.61 (418b78f5838ed0b1c69bb4e51ea0252171854915-refs/branch-heads/4606@{#1204}) on port 23839
Only local connections are allowed.
Please see https://chromedriver.chromium.org/security-considerations for suggestions on keeping ChromeDriver safe.
ChromeDriver was started successfully.
Oct 13, 2021 4:26:46 PM org.openqa.selenium.remote.ProtocolHandshake createSession
INFO: Detected dialect: W3C
]]></system-err>
  </testcase>
</testsuite>