<?xml version="1.0" encoding="UTF-8"?>
<testng-results ignored="0" total="5" passed="5" failed="0" skipped="0">
  <reporter-output>
  </reporter-output>
  <suite started-at="2021-11-18T14:17:36 IST" name="Suite" finished-at="2021-11-18T14:18:50 IST" duration-ms="73244">
    <groups>
      <group name="cucumber">
        <method signature="AbstractTestNGCucumberTests.runScenario(io.cucumber.testng.PickleWrapper, io.cucumber.testng.FeatureWrapper)[pri:0, instance:com.flight.booking.testrunner.BillingDetailsTestRunner@3c947bc5]" name="runScenario" class="io.cucumber.testng.AbstractTestNGCucumberTests"/>
        <method signature="AbstractTestNGCucumberTests.runScenario(io.cucumber.testng.PickleWrapper, io.cucumber.testng.FeatureWrapper)[pri:0, instance:com.flight.booking.testrunner.FlightDetailsTestRunner@29647f75]" name="runScenario" class="io.cucumber.testng.AbstractTestNGCucumberTests"/>
        <method signature="AbstractTestNGCucumberTests.runScenario(io.cucumber.testng.PickleWrapper, io.cucumber.testng.FeatureWrapper)[pri:0, instance:com.flight.booking.testrunner.FlightSelectionTestRunner@6a6afff2]" name="runScenario" class="io.cucumber.testng.AbstractTestNGCucumberTests"/>
        <method signature="AbstractTestNGCucumberTests.runScenario(io.cucumber.testng.PickleWrapper, io.cucumber.testng.FeatureWrapper)[pri:0, instance:com.flight.booking.testrunner.PriceConfirmationTestRunner@6a370f4]" name="runScenario" class="io.cucumber.testng.AbstractTestNGCucumberTests"/>
        <method signature="AbstractTestNGCucumberTests.runScenario(io.cucumber.testng.PickleWrapper, io.cucumber.testng.FeatureWrapper)[pri:0, instance:com.flight.booking.testrunner.RegistrationTestRunner@140c9f39]" name="runScenario" class="io.cucumber.testng.AbstractTestNGCucumberTests"/>
      </group> <!-- cucumber -->
    </groups>
    <test started-at="2021-11-18T14:17:36 IST" name="BookVerification1" finished-at="2021-11-18T14:18:02 IST" duration-ms="26004">
      <class name="com.flight.booking.testrunner.BillingDetailsTestRunner">
        <test-method is-config="true" signature="setUpClass(org.testng.ITestContext)[pri:0, instance:com.flight.booking.testrunner.BillingDetailsTestRunner@3c947bc5]" started-at="2021-11-18T14:17:36 IST" name="setUpClass" finished-at="2021-11-18T14:17:37 IST" duration-ms="336" status="PASS">
          <params>
            <param index="0">
              <value>
                <![CDATA[org.testng.TestRunner@3adde4ea]]>
              </value>
            </param>
          </params>
          <reporter-output>
          </reporter-output>
        </test-method> <!-- setUpClass -->
        <test-method signature="runScenario(io.cucumber.testng.PickleWrapper, io.cucumber.testng.FeatureWrapper)[pri:0, instance:com.flight.booking.testrunner.BillingDetailsTestRunner@3c947bc5]" started-at="2021-11-18T14:17:37 IST" name="runScenario" description="Runs Cucumber Scenarios" data-provider="scenarios" finished-at="2021-11-18T14:18:02 IST" duration-ms="25179" status="PASS">
          <params>
            <param index="0">
              <value>
                <![CDATA["user filled billing details in billing details page"]]>
              </value>
            </param>
            <param index="1">
              <value>
                <![CDATA["Optional[Billing Details Feature]"]]>
              </value>
            </param>
          </params>
          <reporter-output>
          </reporter-output>
        </test-method> <!-- runScenario -->
        <test-method is-config="true" signature="tearDownClass()[pri:0, instance:com.flight.booking.testrunner.BillingDetailsTestRunner@3c947bc5]" started-at="2021-11-18T14:18:02 IST" name="tearDownClass" finished-at="2021-11-18T14:18:02 IST" duration-ms="452" status="PASS">
          <reporter-output>
          </reporter-output>
        </test-method> <!-- tearDownClass -->
      </class> <!-- com.flight.booking.testrunner.BillingDetailsTestRunner -->
    </test> <!-- BookVerification1 -->
    <test started-at="2021-11-18T14:18:02 IST" name="BookVerification2" finished-at="2021-11-18T14:18:15 IST" duration-ms="12230">
      <class name="com.flight.booking.testrunner.FlightDetailsTestRunner">
        <test-method is-config="true" signature="setUpClass(org.testng.ITestContext)[pri:0, instance:com.flight.booking.testrunner.FlightDetailsTestRunner@29647f75]" started-at="2021-11-18T14:18:02 IST" name="setUpClass" finished-at="2021-11-18T14:18:03 IST" duration-ms="15" status="PASS">
          <params>
            <param index="0">
              <value>
                <![CDATA[org.testng.TestRunner@75663443]]>
              </value>
            </param>
          </params>
          <reporter-output>
          </reporter-output>
        </test-method> <!-- setUpClass -->
        <test-method signature="runScenario(io.cucumber.testng.PickleWrapper, io.cucumber.testng.FeatureWrapper)[pri:0, instance:com.flight.booking.testrunner.FlightDetailsTestRunner@29647f75]" started-at="2021-11-18T14:18:03 IST" name="runScenario" description="Runs Cucumber Scenarios" data-provider="scenarios" finished-at="2021-11-18T14:18:15 IST" duration-ms="12209" status="PASS">
          <params>
            <param index="0">
              <value>
                <![CDATA["user filled flight details in flight details page"]]>
              </value>
            </param>
            <param index="1">
              <value>
                <![CDATA["Optional[Filling Flight Details Feature]"]]>
              </value>
            </param>
          </params>
          <reporter-output>
          </reporter-output>
        </test-method> <!-- runScenario -->
        <test-method is-config="true" signature="tearDownClass()[pri:0, instance:com.flight.booking.testrunner.FlightDetailsTestRunner@29647f75]" started-at="2021-11-18T14:18:15 IST" name="tearDownClass" finished-at="2021-11-18T14:18:15 IST" duration-ms="4" status="PASS">
          <reporter-output>
          </reporter-output>
        </test-method> <!-- tearDownClass -->
      </class> <!-- com.flight.booking.testrunner.FlightDetailsTestRunner -->
    </test> <!-- BookVerification2 -->
    <test started-at="2021-11-18T14:18:15 IST" name="BookVerification3" finished-at="2021-11-18T14:18:26 IST" duration-ms="11071">
      <class name="com.flight.booking.testrunner.FlightSelectionTestRunner">
        <test-method is-config="true" signature="setUpClass(org.testng.ITestContext)[pri:0, instance:com.flight.booking.testrunner.FlightSelectionTestRunner@6a6afff2]" started-at="2021-11-18T14:18:15 IST" name="setUpClass" finished-at="2021-11-18T14:18:15 IST" duration-ms="38" status="PASS">
          <params>
            <param index="0">
              <value>
                <![CDATA[org.testng.TestRunner@780546f8]]>
              </value>
            </param>
          </params>
          <reporter-output>
          </reporter-output>
        </test-method> <!-- setUpClass -->
        <test-method signature="runScenario(io.cucumber.testng.PickleWrapper, io.cucumber.testng.FeatureWrapper)[pri:0, instance:com.flight.booking.testrunner.FlightSelectionTestRunner@6a6afff2]" started-at="2021-11-18T14:18:15 IST" name="runScenario" description="Runs Cucumber Scenarios" data-provider="scenarios" finished-at="2021-11-18T14:18:26 IST" duration-ms="11023" status="PASS">
          <params>
            <param index="0">
              <value>
                <![CDATA["user filled flight selection details in flight selection page"]]>
              </value>
            </param>
            <param index="1">
              <value>
                <![CDATA["Optional[Flight Selection Feature]"]]>
              </value>
            </param>
          </params>
          <reporter-output>
          </reporter-output>
        </test-method> <!-- runScenario -->
        <test-method is-config="true" signature="tearDownClass()[pri:0, instance:com.flight.booking.testrunner.FlightSelectionTestRunner@6a6afff2]" started-at="2021-11-18T14:18:26 IST" name="tearDownClass" finished-at="2021-11-18T14:18:26 IST" duration-ms="6" status="PASS">
          <reporter-output>
          </reporter-output>
        </test-method> <!-- tearDownClass -->
      </class> <!-- com.flight.booking.testrunner.FlightSelectionTestRunner -->
    </test> <!-- BookVerification3 -->
    <test started-at="2021-11-18T14:18:26 IST" name="BookVerification4" finished-at="2021-11-18T14:18:39 IST" duration-ms="12936">
      <class name="com.flight.booking.testrunner.PriceConfirmationTestRunner">
        <test-method is-config="true" signature="setUpClass(org.testng.ITestContext)[pri:0, instance:com.flight.booking.testrunner.PriceConfirmationTestRunner@6a370f4]" started-at="2021-11-18T14:18:26 IST" name="setUpClass" finished-at="2021-11-18T14:18:26 IST" duration-ms="29" status="PASS">
          <params>
            <param index="0">
              <value>
                <![CDATA[org.testng.TestRunner@b3004e]]>
              </value>
            </param>
          </params>
          <reporter-output>
          </reporter-output>
        </test-method> <!-- setUpClass -->
        <test-method signature="runScenario(io.cucumber.testng.PickleWrapper, io.cucumber.testng.FeatureWrapper)[pri:0, instance:com.flight.booking.testrunner.PriceConfirmationTestRunner@6a370f4]" started-at="2021-11-18T14:18:26 IST" name="runScenario" description="Runs Cucumber Scenarios" data-provider="scenarios" finished-at="2021-11-18T14:18:39 IST" duration-ms="12897" status="PASS">
          <params>
            <param index="0">
              <value>
                <![CDATA["user get ticket price"]]>
              </value>
            </param>
            <param index="1">
              <value>
                <![CDATA["Optional[Price Confirmation Feature]"]]>
              </value>
            </param>
          </params>
          <reporter-output>
          </reporter-output>
        </test-method> <!-- runScenario -->
        <test-method is-config="true" signature="tearDownClass()[pri:0, instance:com.flight.booking.testrunner.PriceConfirmationTestRunner@6a370f4]" started-at="2021-11-18T14:18:39 IST" name="tearDownClass" finished-at="2021-11-18T14:18:39 IST" duration-ms="8" status="PASS">
          <reporter-output>
          </reporter-output>
        </test-method> <!-- tearDownClass -->
      </class> <!-- com.flight.booking.testrunner.PriceConfirmationTestRunner -->
    </test> <!-- BookVerification4 -->
    <test started-at="2021-11-18T14:18:39 IST" name="BookVerification5" finished-at="2021-11-18T14:18:50 IST" duration-ms="10764">
      <class name="com.flight.booking.testrunner.RegistrationTestRunner">
        <test-method is-config="true" signature="setUpClass(org.testng.ITestContext)[pri:0, instance:com.flight.booking.testrunner.RegistrationTestRunner@140c9f39]" started-at="2021-11-18T14:18:39 IST" name="setUpClass" finished-at="2021-11-18T14:18:39 IST" duration-ms="45" status="PASS">
          <params>
            <param index="0">
              <value>
                <![CDATA[org.testng.TestRunner@559c4e06]]>
              </value>
            </param>
          </params>
          <reporter-output>
          </reporter-output>
        </test-method> <!-- setUpClass -->
        <test-method signature="runScenario(io.cucumber.testng.PickleWrapper, io.cucumber.testng.FeatureWrapper)[pri:0, instance:com.flight.booking.testrunner.RegistrationTestRunner@140c9f39]" started-at="2021-11-18T14:18:39 IST" name="runScenario" description="Runs Cucumber Scenarios" data-provider="scenarios" finished-at="2021-11-18T14:18:50 IST" duration-ms="10711" status="PASS">
          <params>
            <param index="0">
              <value>
                <![CDATA["Fill user details in registration page"]]>
              </value>
            </param>
            <param index="1">
              <value>
                <![CDATA["Optional[Registration Feature]"]]>
              </value>
            </param>
          </params>
          <reporter-output>
          </reporter-output>
        </test-method> <!-- runScenario -->
        <test-method is-config="true" signature="tearDownClass()[pri:0, instance:com.flight.booking.testrunner.RegistrationTestRunner@140c9f39]" started-at="2021-11-18T14:18:50 IST" name="tearDownClass" finished-at="2021-11-18T14:18:50 IST" duration-ms="6" status="PASS">
          <reporter-output>
          </reporter-output>
        </test-method> <!-- tearDownClass -->
      </class> <!-- com.flight.booking.testrunner.RegistrationTestRunner -->
    </test> <!-- BookVerification5 -->
  </suite> <!-- Suite -->
</testng-results>
