<?xml version="1.0" encoding="UTF-8"?>
<testsuite xmlns:xsi="http://www.w3.org/2001/XMLSchema-instance" xsi:noNamespaceSchemaLocation="https://maven.apache.org/surefire/maven-surefire-plugin/xsd/surefire-test-report-3.0.xsd" version="3.0" name="TestSuite" time="74.378" tests="5" errors="0" skipped="0" failures="0">
  <properties>
[...]
</properties>
  <testcase name="runScenario[&quot;user filled billing details in billing details page&quot;, &quot;Optional[Billing Details Feature]&quot;](1)" classname="com.flight.booking.testrunner.BillingDetailsTestRunner" time="25.259">
    <system-out><![CDATA[14:17:53.548 [main]        &amp#27;[32mINFO&amp#27;[m - Initializing Driver
14:17:53.561 [main]        &amp#27;[32mINFO&amp#27;[m - User is on Registration Page
14:17:53.720 [main]        &amp#27;[32mINFO&amp#27;[m - User is filling Registration Details
14:17:54.602 [main]        &amp#27;[32mINFO&amp#27;[m - User's Registration got confirmed
14:17:54.676 [main]        &amp#27;[32mINFO&amp#27;[m - User clicks flights link
14:17:54.799 [main]        &amp#27;[32mINFO&amp#27;[m - User is on Flight Details Page
14:17:54.799 [main]        &amp#27;[32mINFO&amp#27;[m - User is on filling Flight Details
14:17:57.539 [main]        &amp#27;[32mINFO&amp#27;[m - User clicks continue button
14:17:57.600 [main]        &amp#27;[32mINFO&amp#27;[m - User is on Flight Class Selection Page
14:17:57.600 [main]        &amp#27;[32mINFO&amp#27;[m - User is selecting Flight Class
14:17:57.825 [main]        &amp#27;[32mINFO&amp#27;[m - User clicks continue button
14:17:57.827 [main]        &amp#27;[32mINFO&amp#27;[m - User is filling Billing Details
14:17:58.251 [main]        &amp#27;[32mINFO&amp#27;[m - User hits continue button
14:17:58.251 [main]        &amp#27;[32mINFO&amp#27;[m - Quiting Driver
]]></system-out>
    <system-err><![CDATA[SLF4J: Failed to load class "org.slf4j.impl.StaticLoggerBinder".
SLF4J: Defaulting to no-operation (NOP) logger implementation
SLF4J: See http://www.slf4j.org/codes.html#StaticLoggerBinder for further details.
Starting ChromeDriver 96.0.4664.45 (76e4c1bb2ab4671b8beba3444e61c0f17584b2fc-refs/branch-heads/4664@{#947}) on port 37441
Only local connections are allowed.
Please see https://chromedriver.chromium.org/security-considerations for suggestions on keeping ChromeDriver safe.
ChromeDriver was started successfully.
Nov 18, 2021 2:17:48 PM org.openqa.selenium.remote.ProtocolHandshake createSession
INFO: Detected dialect: W3C
]]></system-err>
  </testcase>
  <testcase name="runScenario[&quot;user filled flight details in flight details page&quot;, &quot;Optional[Filling Flight Details Feature]&quot;](1)" classname="com.flight.booking.testrunner.FlightDetailsTestRunner" time="12.347">
    <system-out><![CDATA[14:18:09.818 [main]        &amp#27;[32mINFO&amp#27;[m - Initializing Driver
14:18:09.818 [main]        &amp#27;[32mINFO&amp#27;[m - User is on Registration Page
14:18:09.898 [main]        &amp#27;[32mINFO&amp#27;[m - User is filling Registration Details
14:18:11.606 [main]        &amp#27;[32mINFO&amp#27;[m - User's Registration got confirmed
14:18:11.675 [main]        &amp#27;[32mINFO&amp#27;[m - User clicks flights link
14:18:11.909 [main]        &amp#27;[32mINFO&amp#27;[m - User is on Flight Details Page
14:18:11.910 [main]        &amp#27;[32mINFO&amp#27;[m - User is on filling Flight Details
14:18:14.837 [main]        &amp#27;[32mINFO&amp#27;[m - User clicks continue button
14:18:14.958 [main]        &amp#27;[32mINFO&amp#27;[m - Quiting Driver
]]></system-out>
    <system-err><![CDATA[Starting ChromeDriver 96.0.4664.45 (76e4c1bb2ab4671b8beba3444e61c0f17584b2fc-refs/branch-heads/4664@{#947}) on port 48541
Only local connections are allowed.
Please see https://chromedriver.chromium.org/security-considerations for suggestions on keeping ChromeDriver safe.
ChromeDriver was started successfully.
Nov 18, 2021 2:18:05 PM org.openqa.selenium.remote.ProtocolHandshake createSession
INFO: Detected dialect: W3C
]]></system-err>
  </testcase>
  <testcase name="runScenario[&quot;user filled flight selection details in flight selection page&quot;, &quot;Optional[Flight Selection Feature]&quot;](1)" classname="com.flight.booking.testrunner.FlightSelectionTestRunner" time="11.147">
    <system-out><![CDATA[14:18:21.841 [main]        &amp#27;[32mINFO&amp#27;[m - Initializing Driver
14:18:21.841 [main]        &amp#27;[32mINFO&amp#27;[m - User is on Registration Page
14:18:21.961 [main]        &amp#27;[32mINFO&amp#27;[m - User is filling Registration Details
14:18:23.250 [main]        &amp#27;[32mINFO&amp#27;[m - User's Registration got confirmed
14:18:23.333 [main]        &amp#27;[32mINFO&amp#27;[m - User clicks flights link
14:18:23.429 [main]        &amp#27;[32mINFO&amp#27;[m - User is on Flight Details Page
14:18:23.429 [main]        &amp#27;[32mINFO&amp#27;[m - User is on filling Flight Details
14:18:25.796 [main]        &amp#27;[32mINFO&amp#27;[m - User clicks continue button
14:18:25.853 [main]        &amp#27;[32mINFO&amp#27;[m - User is on Flight Class Selection Page
14:18:25.854 [main]        &amp#27;[32mINFO&amp#27;[m - User is selecting Flight Class
14:18:26.058 [main]        &amp#27;[32mINFO&amp#27;[m - User clicks continue button
14:18:26.058 [main]        &amp#27;[32mINFO&amp#27;[m - Quiting Driver
]]></system-out>
    <system-err><![CDATA[Starting ChromeDriver 96.0.4664.45 (76e4c1bb2ab4671b8beba3444e61c0f17584b2fc-refs/branch-heads/4664@{#947}) on port 5566
Only local connections are allowed.
Please see https://chromedriver.chromium.org/security-considerations for suggestions on keeping ChromeDriver safe.
ChromeDriver was started successfully.
Nov 18, 2021 2:18:17 PM org.openqa.selenium.remote.ProtocolHandshake createSession
INFO: Detected dialect: W3C
]]></system-err>
  </testcase>
  <testcase name="runScenario[&quot;user get ticket price&quot;, &quot;Optional[Price Confirmation Feature]&quot;](1)" classname="com.flight.booking.testrunner.PriceConfirmationTestRunner" time="12.993">
    <system-out><![CDATA[14:18:34.198 [main]        &amp#27;[32mINFO&amp#27;[m - Initializing Driver
14:18:34.198 [main]        &amp#27;[32mINFO&amp#27;[m - User is on Registration Page
14:18:34.317 [main]        &amp#27;[32mINFO&amp#27;[m - User is filling Registration Details
14:18:35.056 [main]        &amp#27;[32mINFO&amp#27;[m - User's Registration got confirmed
14:18:35.122 [main]        &amp#27;[32mINFO&amp#27;[m - User clicks flights link
14:18:35.299 [main]        &amp#27;[32mINFO&amp#27;[m - User is on Flight Details Page
14:18:35.299 [main]        &amp#27;[32mINFO&amp#27;[m - User is on filling Flight Details
14:18:37.865 [main]        &amp#27;[32mINFO&amp#27;[m - User clicks continue button
14:18:37.945 [main]        &amp#27;[32mINFO&amp#27;[m - User is on Flight Class Selection Page
14:18:37.945 [main]        &amp#27;[32mINFO&amp#27;[m - User is selecting Flight Class
14:18:38.215 [main]        &amp#27;[32mINFO&amp#27;[m - User clicks continue button
14:18:38.215 [main]        &amp#27;[32mINFO&amp#27;[m - User is filling Billing Details
14:18:38.748 [main]        &amp#27;[32mINFO&amp#27;[m - User hits continue button
14:18:38.748 [main]        &amp#27;[32mINFO&amp#27;[m - User is on Price Confirmation Page
14:18:38.879 [main]        &amp#27;[32mINFO&amp#27;[m - User's ticket price is: $1753 USD
14:18:38.880 [main]        &amp#27;[32mINFO&amp#27;[m - Quiting Driver
]]></system-out>
    <system-err><![CDATA[Starting ChromeDriver 96.0.4664.45 (76e4c1bb2ab4671b8beba3444e61c0f17584b2fc-refs/branch-heads/4664@{#947}) on port 12148
Only local connections are allowed.
Please see https://chromedriver.chromium.org/security-considerations for suggestions on keeping ChromeDriver safe.
ChromeDriver was started successfully.
Nov 18, 2021 2:18:29 PM org.openqa.selenium.remote.ProtocolHandshake createSession
INFO: Detected dialect: W3C
]]></system-err>
  </testcase>
  <testcase name="runScenario[&quot;Fill user details in registration page&quot;, &quot;Optional[Registration Feature]&quot;](1)" classname="com.flight.booking.testrunner.RegistrationTestRunner" time="10.995">
    <system-out><![CDATA[14:18:48.594 [main]        &amp#27;[32mINFO&amp#27;[m - Initializing Driver
14:18:48.594 [main]        &amp#27;[32mINFO&amp#27;[m - User is on Registration Page
14:18:48.699 [main]        &amp#27;[32mINFO&amp#27;[m - User is filling Registration Details
14:18:49.734 [main]        &amp#27;[32mINFO&amp#27;[m - User's Registration got confirmed
14:18:49.805 [main]        &amp#27;[32mINFO&amp#27;[m - User clicks flights link
14:18:49.916 [main]        &amp#27;[32mINFO&amp#27;[m - Quiting Driver
]]></system-out>
    <system-err><![CDATA[Starting ChromeDriver 96.0.4664.45 (76e4c1bb2ab4671b8beba3444e61c0f17584b2fc-refs/branch-heads/4664@{#947}) on port 39850
Only local connections are allowed.
Please see https://chromedriver.chromium.org/security-considerations for suggestions on keeping ChromeDriver safe.
ChromeDriver was started successfully.
Nov 18, 2021 2:18:43 PM org.openqa.selenium.remote.ProtocolHandshake createSession
INFO: Detected dialect: W3C
]]></system-err>
  </testcase>
</testsuite>