<?xml version="1.0" encoding="UTF-8"?>
<testng-results ignored="0" total="1" passed="1" failed="0" skipped="0">
  <reporter-output>
  </reporter-output>
  <suite started-at="2021-10-13T16:26:41 IST" name="Suite" finished-at="2021-10-13T16:27:24 IST" duration-ms="42754">
    <groups>
    </groups>
    <test started-at="2021-10-13T16:26:41 IST" name="Test" finished-at="2021-10-13T16:27:24 IST" duration-ms="42754">
      <class name="com.flight.booking.TestRunner.TestRunner">
        <test-method is-config="true" signature="setUpClass()[pri:0, instance:com.flight.booking.TestRunner.TestRunner@1f0f1111]" started-at="2021-10-13T16:26:41 IST" name="setUpClass" finished-at="2021-10-13T16:26:42 IST" duration-ms="660" status="PASS">
          <reporter-output>
          </reporter-output>
        </test-method> <!-- setUpClass -->
        <test-method signature="feature(io.cucumber.testng.PickleWrapper,io.cucumber.testng.FeatureWrapper)[pri:0, instance:com.flight.booking.TestRunner.TestRunner@1f0f1111]" started-at="2021-10-13T16:26:42 IST" name="feature" data-provider="features" finished-at="2021-10-13T16:27:23 IST" duration-ms="41694" status="PASS">
          <params>
            <param index="0">
              <value>
                <![CDATA["user is able to buy One Way Ticket"]]>
              </value>
            </param>
            <param index="1">
              <value>
                <![CDATA["Optional[Buy a ticket on Flight Booking Application and sign up]"]]>
              </value>
            </param>
          </params>
          <reporter-output>
          </reporter-output>
        </test-method> <!-- feature -->
        <test-method is-config="true" signature="tearDownClass()[pri:0, instance:com.flight.booking.TestRunner.TestRunner@1f0f1111]" started-at="2021-10-13T16:27:23 IST" name="tearDownClass" finished-at="2021-10-13T16:27:24 IST" duration-ms="341" status="PASS">
          <reporter-output>
          </reporter-output>
        </test-method> <!-- tearDownClass -->
      </class> <!-- com.flight.booking.TestRunner.TestRunner -->
    </test> <!-- Test -->
  </suite> <!-- Suite -->
</testng-results>
